<?xml version="1.0" encoding="UTF-8"?>
<testsuite xmlns:xsi="http://www.w3.org/2001/XMLSchema-instance" xsi:noNamespaceSchemaLocation="https://maven.apache.org/surefire/maven-surefire-plugin/xsd/surefire-test-report.xsd" version="3.0.2" name="com.mcp.pikachu.ApplicationTests" time="1.407" tests="1" errors="0" skipped="0" failures="0" flakes="0">
  <properties>
[...]
</properties>
  <testcase name="contextLoads" classname="com.mcp.pikachu.ApplicationTests" time="0.415">
    <system-out><![CDATA[14:32:06.059 [main] INFO org.springframework.test.context.support.AnnotationConfigContextLoaderUtils -- Could not detect default configuration classes for test class [com.mcp.pikachu.ApplicationTests]: ApplicationTests does not declare any static, non-private, non-final, nested classes annotated with @Configuration.
14:32:06.117 [main] INFO org.springframework.boot.test.context.SpringBootTestContextBootstrapper -- Found @SpringBootConfiguration com.mcp.pikachu.Application for test class com.mcp.pikachu.ApplicationTests
14:32:06.166 [main] INFO org.springframework.test.context.support.AnnotationConfigContextLoaderUtils -- Could not detect default configuration classes for test class [com.mcp.pikachu.ApplicationTests]: ApplicationTests does not declare any static, non-private, non-final, nested classes annotated with @Configuration.
14:32:06.167 [main] INFO org.springframework.boot.test.context.SpringBootTestContextBootstrapper -- Found @SpringBootConfiguration com.mcp.pikachu.Application for test class com.mcp.pikachu.ApplicationTests

  .   ____          _            __ _ _
 /\\ / ___'_ __ _ _(_)_ __  __ _ \ \ \ \
( ( )\___ | '_ | '_| | '_ \/ _` | \ \ \ \
 \\/  ___)| |_)| | | | | || (_| |  ) ) ) )
  '  |____| .__|_| |_|_| |_\__, | / / / /
 =========|_|==============|___/=/_/_/_/

 :: Spring Boot ::       (v4.1.0-SNAPSHOT)

2026-05-02T14:32:06.368-03:00  INFO 112580 --- [pikachu] [           main] com.mcp.pikachu.ApplicationTests         : Starting ApplicationTests using Java 26.0.1 with PID 112580 (started by julianosoder in /home/julianosoder/Documentos/pikachu)
2026-05-02T14:32:06.369-03:00  INFO 112580 --- [pikachu] [           main] com.mcp.pikachu.ApplicationTests         : No active profile set, falling back to 1 default profile: "default"
2026-05-02T14:32:06.941-03:00  INFO 112580 --- [pikachu] [           main] com.mcp.pikachu.ApplicationTests         : Started ApplicationTests in 0.744 seconds (process running for 1.342)
]]></system-out>
    <system-err><![CDATA[Mockito is currently self-attaching to enable the inline-mock-maker. This will no longer work in future releases of the JDK. Please add Mockito as an agent to your build as described in Mockito's documentation: https://javadoc.io/doc/org.mockito/mockito-core/latest/org.mockito/org/mockito/Mockito.html#0.3
WARNING: A Java agent has been loaded dynamically (/home/julianosoder/.m2/repository/net/bytebuddy/byte-buddy-agent/1.18.8/byte-buddy-agent-1.18.8.jar)
WARNING: If a serviceability tool is in use, please run with -XX:+EnableDynamicAgentLoading to hide this warning
WARNING: If a serviceability tool is not in use, please run with -Djdk.instrument.traceUsage for more information
WARNING: Dynamic loading of agents will be disallowed by default in a future release
]]></system-err>
  </testcase>
</testsuite>